        -:    0:Source:src/drivers.c
        -:    1:#include <stdio.h>
        -:    2:#include <string.h>
        -:    3:#include "drivers.h"
        -:    4:
        -:    5:/* ------------------------------------------------------------------ */
       22:    6:int driver_add(sqlite3 *db, const Driver *d)
        -:    7:{
       22:    8:    const char *sql =
        -:    9:        "INSERT INTO FLEET_DRIVERS"
        -:   10:        "(employee_id, last_name, category, experience, address, birth_year)"
        -:   11:        " VALUES(?, ?, ?, ?, ?, ?);";
        -:   12:
       22:   13:    sqlite3_stmt *stmt = NULL;
       22:   14:    if (sqlite3_prepare_v2(db, sql, -1, &stmt, NULL) != SQLITE_OK) {
    #####:   15:        fprintf(stderr, "driver_add prepare: %s\n", sqlite3_errmsg(db));
    #####:   16:        return -1;
        -:   17:    }
        -:   18:
       22:   19:    sqlite3_bind_text(stmt, 1, d->employee_id, -1, SQLITE_STATIC);
       22:   20:    sqlite3_bind_text(stmt, 2, d->last_name,   -1, SQLITE_STATIC);
       22:   21:    sqlite3_bind_text(stmt, 3, d->category,    -1, SQLITE_STATIC);
       22:   22:    sqlite3_bind_int (stmt, 4, d->experience);
       22:   23:    sqlite3_bind_text(stmt, 5, d->address,     -1, SQLITE_STATIC);
       22:   24:    sqlite3_bind_int (stmt, 6, d->birth_year);
        -:   25:
       22:   26:    int rc = (sqlite3_step(stmt) == SQLITE_DONE) ? 0 : -1;
       22:   27:    if (rc != 0)
        2:   28:        fprintf(stderr, "driver_add error: %s\n", sqlite3_errmsg(db));
       22:   29:    sqlite3_finalize(stmt);
       22:   30:    return rc;
        -:   31:}
        -:   32:
        -:   33:/* ------------------------------------------------------------------ */
        2:   34:int driver_update(sqlite3 *db, const Driver *d)
        -:   35:{
        2:   36:    const char *sql =
        -:   37:        "UPDATE FLEET_DRIVERS SET employee_id=?, last_name=?,"
        -:   38:        " category=?, experience=?, address=?, birth_year=?"
        -:   39:        " WHERE driver_id=?;";
        -:   40:
        2:   41:    sqlite3_stmt *stmt = NULL;
        2:   42:    if (sqlite3_prepare_v2(db, sql, -1, &stmt, NULL) != SQLITE_OK)
    #####:   43:        return -1;
        -:   44:
        2:   45:    sqlite3_bind_text(stmt, 1, d->employee_id, -1, SQLITE_STATIC);
        2:   46:    sqlite3_bind_text(stmt, 2, d->last_name,   -1, SQLITE_STATIC);
        2:   47:    sqlite3_bind_text(stmt, 3, d->category,    -1, SQLITE_STATIC);
        2:   48:    sqlite3_bind_int (stmt, 4, d->experience);
        2:   49:    sqlite3_bind_text(stmt, 5, d->address,     -1, SQLITE_STATIC);
        2:   50:    sqlite3_bind_int (stmt, 6, d->birth_year);
        2:   51:    sqlite3_bind_int (stmt, 7, d->driver_id);
        -:   52:
       2*:   53:    int rc = (sqlite3_step(stmt) == SQLITE_DONE) ? 0 : -1;
        2:   54:    sqlite3_finalize(stmt);
        2:   55:    return rc;
        -:   56:}
        -:   57:
        -:   58:/* ------------------------------------------------------------------ */
        2:   59:int driver_delete(sqlite3 *db, int driver_id)
        -:   60:{
        2:   61:    const char *sql = "DELETE FROM FLEET_DRIVERS WHERE driver_id=?;";
        2:   62:    sqlite3_stmt *stmt = NULL;
        2:   63:    sqlite3_prepare_v2(db, sql, -1, &stmt, NULL);
        2:   64:    sqlite3_bind_int(stmt, 1, driver_id);
       2*:   65:    int rc = (sqlite3_step(stmt) == SQLITE_DONE) ? 0 : -1;
        2:   66:    sqlite3_finalize(stmt);
        2:   67:    return rc;
        -:   68:}
        -:   69:
        -:   70:/* ------------------------------------------------------------------ */
        6:   71:int driver_get_by_id(sqlite3 *db, int driver_id, Driver *out)
        -:   72:{
        6:   73:    const char *sql =
        -:   74:        "SELECT driver_id, employee_id, last_name, category,"
        -:   75:        " experience, address, birth_year"
        -:   76:        " FROM FLEET_DRIVERS WHERE driver_id=?;";
        -:   77:
        6:   78:    sqlite3_stmt *stmt = NULL;
        6:   79:    sqlite3_prepare_v2(db, sql, -1, &stmt, NULL);
        6:   80:    sqlite3_bind_int(stmt, 1, driver_id);
        -:   81:
        6:   82:    int found = 0;
        6:   83:    if (sqlite3_step(stmt) == SQLITE_ROW) {
        4:   84:        out->driver_id  = sqlite3_column_int(stmt, 0);
        8:   85:        strncpy(out->employee_id,
        4:   86:                (const char *)sqlite3_column_text(stmt, 1), MAX_STR-1);
        8:   87:        strncpy(out->last_name,
        4:   88:                (const char *)sqlite3_column_text(stmt, 2), MAX_STR-1);
        8:   89:        strncpy(out->category,
        4:   90:                (const char *)sqlite3_column_text(stmt, 3), MAX_STR-1);
        4:   91:        out->experience = sqlite3_column_int(stmt, 4);
        8:   92:        strncpy(out->address,
        4:   93:                (const char *)sqlite3_column_text(stmt, 5), MAX_STR-1);
        4:   94:        out->birth_year = sqlite3_column_int(stmt, 6);
        4:   95:        found = 1;
        -:   96:    }
        6:   97:    sqlite3_finalize(stmt);
        6:   98:    return found ? 0 : -1;
        -:   99:}
        -:  100:
        -:  101:/* ------------------------------------------------------------------ */
    #####:  102:void driver_list_all(sqlite3 *db)
        -:  103:{
    #####:  104:    const char *sql =
        -:  105:        "SELECT driver_id, employee_id, last_name, category,"
        -:  106:        " experience, birth_year FROM FLEET_DRIVERS ORDER BY driver_id;";
        -:  107:
    #####:  108:    sqlite3_stmt *stmt = NULL;
    #####:  109:    sqlite3_prepare_v2(db, sql, -1, &stmt, NULL);
        -:  110:
    #####:  111:    printf("\n%-4s %-10s %-20s %-8s %-6s %-6s\n",
        -:  112:           "ID","EmpID","Last Name","Cat","Exp","Born");
    #####:  113:    printf("%-4s %-10s %-20s %-8s %-6s %-6s\n",
        -:  114:           "----","----------","--------------------",
        -:  115:           "--------","------","------");
        -:  116:
    #####:  117:    while (sqlite3_step(stmt) == SQLITE_ROW) {
    #####:  118:        printf("%-4d %-10s %-20s %-8s %-6d %-6d\n",
        -:  119:               sqlite3_column_int (stmt, 0),
        -:  120:               sqlite3_column_text(stmt, 1),
        -:  121:               sqlite3_column_text(stmt, 2),
        -:  122:               sqlite3_column_text(stmt, 3),
        -:  123:               sqlite3_column_int (stmt, 4),
        -:  124:               sqlite3_column_int (stmt, 5));
        -:  125:    }
    #####:  126:    sqlite3_finalize(stmt);
    #####:  127:}
        -:  128:
        -:  129:/* ------------------------------------------------------------------ */
        -:  130:/* Report: list of orders for a driver in a date range                 */
    #####:  131:void driver_orders_by_period(sqlite3 *db, const char *last_name,
        -:  132:                             const char *date_from, const char *date_to)
        -:  133:{
    #####:  134:    const char *sql =
        -:  135:        "SELECT o.order_id, o.order_date, c.license_plate,"
        -:  136:        "       o.distance_km, o.cargo_weight, o.transport_cost,"
        -:  137:        "       o.transport_cost * 0.20 AS driver_pay"
        -:  138:        " FROM FLEET_ORDERS o"
        -:  139:        " JOIN FLEET_DRIVERS d ON o.driver_id = d.driver_id"
        -:  140:        " JOIN FLEET_CARS    c ON o.car_id    = c.car_id"
        -:  141:        " WHERE d.last_name = ?"
        -:  142:        "   AND o.order_date BETWEEN ? AND ?"
        -:  143:        " ORDER BY o.order_date;";
        -:  144:
    #####:  145:    sqlite3_stmt *stmt = NULL;
    #####:  146:    sqlite3_prepare_v2(db, sql, -1, &stmt, NULL);
    #####:  147:    sqlite3_bind_text(stmt, 1, last_name, -1, SQLITE_STATIC);
    #####:  148:    sqlite3_bind_text(stmt, 2, date_from, -1, SQLITE_STATIC);
    #####:  149:    sqlite3_bind_text(stmt, 3, date_to,   -1, SQLITE_STATIC);
        -:  150:
    #####:  151:    printf("\n--- Orders for driver [%s] from %s to %s ---\n",
        -:  152:           last_name, date_from, date_to);
    #####:  153:    printf("%-6s %-12s %-12s %-10s %-10s %-12s %-10s\n",
        -:  154:           "OrdID","Date","Plate","Dist(km)","Cargo(t)","Cost","MyPay");
    #####:  155:    printf("%-6s %-12s %-12s %-10s %-10s %-12s %-10s\n",
        -:  156:           "------","------------","------------",
        -:  157:           "----------","----------","------------","----------");
        -:  158:
    #####:  159:    int rows = 0;
    #####:  160:    while (sqlite3_step(stmt) == SQLITE_ROW) {
    #####:  161:        printf("%-6d %-12s %-12s %-10.2f %-10.2f %-12.2f %-10.2f\n",
        -:  162:               sqlite3_column_int   (stmt, 0),
        -:  163:               sqlite3_column_text  (stmt, 1),
        -:  164:               sqlite3_column_text  (stmt, 2),
        -:  165:               sqlite3_column_double(stmt, 3),
        -:  166:               sqlite3_column_double(stmt, 4),
        -:  167:               sqlite3_column_double(stmt, 5),
        -:  168:               sqlite3_column_double(stmt, 6));
    #####:  169:        rows++;
        -:  170:    }
    #####:  171:    if (rows == 0) printf("No orders found for this period.\n");
    #####:  172:    sqlite3_finalize(stmt);
    #####:  173:}
        -:  174:
        -:  175:/* ------------------------------------------------------------------ */
        -:  176:/* Report: per-driver stats — trips, total cargo, earned money         */
    #####:  177:void driver_stats_all(sqlite3 *db)
        -:  178:{
    #####:  179:    const char *sql =
        -:  180:        "SELECT d.last_name,"
        -:  181:        "       COUNT(o.order_id)          AS trips,"
        -:  182:        "       COALESCE(SUM(o.cargo_weight),0)   AS total_cargo,"
        -:  183:        "       COALESCE(SUM(o.transport_cost*0.20),0) AS earnings"
        -:  184:        " FROM FLEET_DRIVERS d"
        -:  185:        " LEFT JOIN FLEET_ORDERS o ON d.driver_id = o.driver_id"
        -:  186:        " GROUP BY d.driver_id"
        -:  187:        " ORDER BY trips DESC;";
        -:  188:
    #####:  189:    sqlite3_stmt *stmt = NULL;
    #####:  190:    sqlite3_prepare_v2(db, sql, -1, &stmt, NULL);
        -:  191:
    #####:  192:    printf("\n--- Driver statistics ---\n");
    #####:  193:    printf("%-20s %-8s %-12s %-12s\n",
        -:  194:           "Last Name","Trips","Cargo(t)","Earnings");
    #####:  195:    printf("%-20s %-8s %-12s %-12s\n",
        -:  196:           "--------------------","--------",
        -:  197:           "------------","------------");
        -:  198:
    #####:  199:    while (sqlite3_step(stmt) == SQLITE_ROW) {
    #####:  200:        printf("%-20s %-8d %-12.2f %-12.2f\n",
        -:  201:               sqlite3_column_text  (stmt, 0),
        -:  202:               sqlite3_column_int   (stmt, 1),
        -:  203:               sqlite3_column_double(stmt, 2),
        -:  204:               sqlite3_column_double(stmt, 3));
        -:  205:    }
    #####:  206:    sqlite3_finalize(stmt);
    #####:  207:}
        -:  208:
        -:  209:/* ------------------------------------------------------------------ */
        -:  210:/* Report: driver with minimum number of trips                         */
    #####:  211:void driver_min_trips_report(sqlite3 *db)
        -:  212:{
    #####:  213:    const char *sql =
        -:  214:        "SELECT d.driver_id, d.employee_id, d.last_name, d.category,"
        -:  215:        "       d.experience, d.address, d.birth_year,"
        -:  216:        "       COUNT(o.order_id) AS trips,"
        -:  217:        "       COALESCE(SUM(o.transport_cost*0.20),0) AS earnings"
        -:  218:        " FROM FLEET_DRIVERS d"
        -:  219:        " LEFT JOIN FLEET_ORDERS o ON d.driver_id = o.driver_id"
        -:  220:        " GROUP BY d.driver_id"
        -:  221:        " ORDER BY trips ASC LIMIT 1;";
        -:  222:
    #####:  223:    sqlite3_stmt *stmt = NULL;
    #####:  224:    sqlite3_prepare_v2(db, sql, -1, &stmt, NULL);
        -:  225:
    #####:  226:    printf("\n--- Driver with minimum trips ---\n");
    #####:  227:    if (sqlite3_step(stmt) == SQLITE_ROW) {
    #####:  228:        printf("ID         : %d\n",  sqlite3_column_int   (stmt, 0));
    #####:  229:        printf("Emp.ID     : %s\n",  sqlite3_column_text  (stmt, 1));
    #####:  230:        printf("Last name  : %s\n",  sqlite3_column_text  (stmt, 2));
    #####:  231:        printf("Category   : %s\n",  sqlite3_column_text  (stmt, 3));
    #####:  232:        printf("Experience : %d yr\n",sqlite3_column_int  (stmt, 4));
    #####:  233:        printf("Address    : %s\n",  sqlite3_column_text  (stmt, 5));
    #####:  234:        printf("Born       : %d\n",  sqlite3_column_int   (stmt, 6));
    #####:  235:        printf("Trips      : %d\n",  sqlite3_column_int   (stmt, 7));
    #####:  236:        printf("Earnings   : %.2f\n",sqlite3_column_double(stmt, 8));
        -:  237:    } else {
    #####:  238:        printf("No drivers found.\n");
        -:  239:    }
    #####:  240:    sqlite3_finalize(stmt);
    #####:  241:}
